[03:13:24] [main/INFO]: Loading Minecraft 1.21.11 with Fabric Loader 0.18.4
[03:13:26] [ForkJoinPool-1-worker-2/WARN]: Mod rmf uses the version 1.3.0b+1.21.11+mod which isn't compatible with Loader's extended semantic version format (Could not parse version number component '0b'!), SemVer is recommended for reliably evaluating dependencies and prioritizing newer version
[03:13:27] [main/INFO]: Loading 111 mods:
	- animalgarden_meerkat 1.0.1
	- appleskin 3.0.8+mc1.21.11
	- architectury 19.0.1
	- balm 21.11.6
	   \-- kuma_api 21.11.12
	- better_mcdonalds_mod 4.5.0+1.21.11
	- biomesoplenty 21.11.0.11
	   \-- net_jodah_typetools 0.6.3
	- cardinal-components 7.3.0
	   |-- cardinal-components-base 7.3.0
	   |-- cardinal-components-block 7.3.0
	   |-- cardinal-components-chunk 7.3.0
	   |-- cardinal-components-entity 7.3.0
	   |-- cardinal-components-item 7.3.0
	   |-- cardinal-components-level 7.3.0
	   |-- cardinal-components-scoreboard 7.3.0
	   \-- cardinal-components-world 7.3.0
	- carryme 1.0
	- carryon 2.9.0
	- cloth-config 21.11.153
	   \-- cloth-basic-math 0.6.1
	- cookies_candy_and_cakes 1.2.0
	- cookingforblockheads 21.11.4
	- creativecore 2.14.9
	   \-- net_neoforged_bus 7.2.0
	- fabric-api 0.141.2+1.21.11
	   |-- fabric-api-base 1.0.5+4ebb5c083e
	   |-- fabric-api-lookup-api-v1 1.6.113+1fb1cde93e
	   |-- fabric-biome-api-v1 17.1.1+4fc5413f3e
	   |-- fabric-block-api-v1 1.1.10+4ebb5c083e
	   |-- fabric-block-view-api-v2 1.0.39+4ebb5c083e
	   |-- fabric-command-api-v2 2.4.7+6b42a6003e
	   |-- fabric-content-registries-v0 10.2.14+4fc5413f3e
	   |-- fabric-convention-tags-v1 2.1.55+7f945d5b3e
	   |-- fabric-convention-tags-v2 2.17.3+8ef948ba3e
	   |-- fabric-crash-report-info-v1 0.3.23+4ebb5c083e
	   |-- fabric-data-attachment-api-v1 1.8.47+eed0806f3e
	   |-- fabric-data-generation-api-v1 23.4.0+69974c4e3e
	   |-- fabric-dimensions-v1 4.0.28+4fc5413f3e
	   |-- fabric-entity-events-v1 3.1.1+1d0ab4303e
	   |-- fabric-events-interaction-v0 4.1.0+3b89ecf63e
	   |-- fabric-game-rule-api-v1 2.0.3+4fc5413f3e
	   |-- fabric-item-api-v1 11.5.20+d0c46b9e3e
	   |-- fabric-item-group-api-v1 4.2.36+4fc5413f3e
	   |-- fabric-key-binding-api-v1 1.1.7+4fc5413f3e
	   |-- fabric-lifecycle-events-v1 2.6.15+4ebb5c083e
	   |-- fabric-loot-api-v2 3.0.73+3f89f5a53e
	   |-- fabric-loot-api-v3 2.0.20+78c8b4663e
	   |-- fabric-message-api-v1 6.1.12+4ebb5c083e
	   |-- fabric-model-loading-api-v1 6.0.14+4fc5413f3e
	   |-- fabric-networking-api-v1 5.1.5+ae1e07683e
	   |-- fabric-object-builder-api-v1 21.1.39+4fc5413f3e
	   |-- fabric-particles-v1 4.2.11+4fc5413f3e
	   |-- fabric-recipe-api-v1 8.2.3+4ebb5c083e
	   |-- fabric-registry-sync-v0 6.2.5+1718722b3e
	   |-- fabric-renderer-api-v1 8.0.2+f4ffd2e53e
	   |-- fabric-renderer-indigo 5.0.2+f4ffd2e53e
	   |-- fabric-rendering-fluids-v1 3.1.43+4ebb5c083e
	   |-- fabric-rendering-v1 16.2.9+7edacff13e
	   |-- fabric-resource-conditions-api-v1 5.0.35+4fc5413f3e
	   |-- fabric-resource-loader-v0 3.3.4+4fc5413f3e
	   |-- fabric-resource-loader-v1 1.0.10+78c8b4663e
	   |-- fabric-screen-api-v1 3.1.7+4ebb5c083e
	   |-- fabric-screen-handler-api-v1 1.3.161+4fc5413f3e
	   |-- fabric-serialization-api-v1 1.0.5+4ebb5c083e
	   |-- fabric-sound-api-v1 1.0.51+4fc5413f3e
	   |-- fabric-tag-api-v1 1.2.20+4fc5413f3e
	   |-- fabric-transfer-api-v1 6.0.24+4fc5413f3e
	   \-- fabric-transitive-access-wideners-v1 7.1.0+014c8cec3e
	- fabricloader 0.18.4
	   \-- mixinextras 0.5.0
	- fallingtree 1.21.11.2
	- framework 0.13.11
	   |-- com_electronwill_night-config_core 3.8.3
	   |-- com_electronwill_night-config_toml 3.8.3
	   |-- org_javassist_javassist 3.30.2-GA
	   \-- org_reflections_reflections 0.10.2
	- furniture_mod_tools_refurbished 1.0.0-fabric-1.21.11
	- fusion 1.2.12
	- glitchcore 21.11.0.2
	   \-- net_jodah_typetools 0.6.3
	- java 21
	- jei 27.4.0.15
	- journeymap 1.21.11-6.0.0-beta.55
	   |-- ar_com_hjg_pngj 2.1.0
	   |-- commonnetworking 1.0.22-1.21.11
	   \-- journeymap-api-fabric 2.0.0-1.21.11-SNAPSHOT
	- justsit 0.140.0
	- mcwbridges 3.1.0
	- mcwdoors 1.1.2
	- mcwfences 1.2.1
	- mcwfurnitures 3.4.2
	- mcwholidays 1.1.2
	- mcwlights 1.1.5
	- mcwpaintings 1.0.5
	- mcwpaths 1.1.1
	- mcwroofs 2.3.2
	- mcwstairs 1.0.2
	- mcwtrpdoors 1.1.5
	- mcwwindows 2.4.2
	- minecraft 1.21.11
	- moretools 1.8.2+1.21.11
	   |-- polymer-autohost 0.15.1+1.21.11
	   |-- polymer-blocks 0.15.1+1.21.11
	   |-- polymer-core 0.15.1+1.21.11
	   |    |-- polymer-networking 0.15.1+1.21.11
	   |    |    \-- polymer-common 0.15.1+1.21.11
	   |    |         \-- packet_tweaker 0.6.0+1.21.10
	   |    \-- polymer-registry-sync-manipulator 0.15.1+1.21.11
	   \-- polymer-resource-pack 0.15.1+1.21.11
	        \-- polymer-common 0.15.1+1.21.11
	             \-- packet_tweaker 0.6.0+1.21.10
	- nemos_woodcutter 1.21.11-1.14.1
	- rechiseled 1.2.0
	- refurbished_furniture 1.0.22
	- rmf 1.3.0b+1.21.11+mod
	- supermartijn642configlib 1.1.8
	- supermartijn642corelib 1.1.20
	- terrablender 21.11.0.0
	- travelersbackpack 10.11.3
	- waystones 21.11.4
[03:13:28] [main/INFO]: SpongePowered MIXIN Subsystem Version=0.8.7 Source=file:/workspaces/Server2.1/servidor_minecraft/libraries/net/fabricmc/sponge-mixin/0.17.0+mixin.0.8.7/sponge-mixin-0.17.0+mixin.0.8.7.jar Service=Knot/Fabric Env=SERVER
[03:13:28] [main/INFO]: Compatibility level set to JAVA_21
[03:13:28] [main/WARN]: Reference map 'balm.refmap.json' for balm.mixins.json could not be read. If this is a development environment you can ignore this message
[03:13:28] [main/WARN]: Reference map 'balm.refmap.json' for balm.api.mixins.json could not be read. If this is a development environment you can ignore this message
[03:13:28] [main/WARN]: Reference map 'balm.refmap.json' for balm.fabric.mixins.json could not be read. If this is a development environment you can ignore this message
[03:13:28] [main/WARN]: Reference map 'biomesoplenty.refmap.json' for biomesoplenty.mixins.json could not be read. If this is a development environment you can ignore this message
[03:13:28] [main/WARN]: Reference map 'biomesoplenty.refmap.json' for biomesoplenty.fabric.mixins.json could not be read. If this is a development environment you can ignore this message
[03:13:28] [main/WARN]: Reference map 'carryon.refmap.json' for carryon.mixins.json could not be read. If this is a development environment you can ignore this message
[03:13:28] [main/WARN]: Reference map 'cookingforblockheads.refmap.json' for cookingforblockheads.mixins.json could not be read. If this is a development environment you can ignore this message
[03:13:28] [main/WARN]: Reference map 'cookingforblockheads.refmap.json' for cookingforblockheads.fabric.mixins.json could not be read. If this is a development environment you can ignore this message
[03:13:28] [main/WARN]: Reference map 'creativecore.mixins.refmap.json' for creativecore.mixins.json could not be read. If this is a development environment you can ignore this message
[03:13:28] [main/WARN]: Reference map 'creativecore.mixins.refmap.json' for creativecore.fabric.mixins.json could not be read. If this is a development environment you can ignore this message
[03:13:28] [main/WARN]: Reference map 'framework.refmap.json' for framework.common.mixins.json could not be read. If this is a development environment you can ignore this message
[03:13:28] [main/WARN]: Reference map 'framework.refmap.json' for framework.fabric.mixins.json could not be read. If this is a development environment you can ignore this message
[03:13:28] [main/WARN]: Reference map 'fusion.mixins.refmap.json' for fusion.mixins.json could not be read. If this is a development environment you can ignore this message
[03:13:28] [main/WARN]: Reference map 'glitchcore.refmap.json' for glitchcore.mixins.json could not be read. If this is a development environment you can ignore this message
[03:13:28] [main/WARN]: Reference map 'glitchcore.refmap.json' for glitchcore.fabric.mixins.json could not be read. If this is a development environment you can ignore this message
[03:13:28] [main/WARN]: Reference map 'journeymap-refmap.json' for journeymap.mixins.json could not be read. If this is a development environment you can ignore this message
[03:13:28] [main/WARN]: Reference map 'journeymap-refmap.json' for journeymap.fabric.mixins.json could not be read. If this is a development environment you can ignore this message
[03:13:28] [main/WARN]: Reference map 'kuma_api.refmap.json' for kuma_api.mixins.json could not be read. If this is a development environment you can ignore this message
[03:13:28] [main/WARN]: Reference map 'kuma_api.refmap.json' for kuma_api.fabric.mixins.json could not be read. If this is a development environment you can ignore this message
[03:13:28] [main/WARN]: Reference map 'nemos_woodcutter.refmap.json' for nemos_woodcutter.mixins.json could not be read. If this is a development environment you can ignore this message
[03:13:28] [main/WARN]: Reference map 'nemos_woodcutter.refmap.json' for nemos_woodcutter.fabric.mixins.json could not be read. If this is a development environment you can ignore this message
[03:13:28] [main/WARN]: Reference map 'rechiseled.mixins.refmap.json' for rechiseled.mixins.json could not be read. If this is a development environment you can ignore this message
[03:13:28] [main/WARN]: Reference map 'refurbished_furniture.refmap.json' for refurbished_furniture.fabric.mixins.json could not be read. If this is a development environment you can ignore this message
[03:13:28] [main/WARN]: Reference map 'refurbished_furniture.refmap.json' for refurbished_furniture.common.mixins.json could not be read. If this is a development environment you can ignore this message
[03:13:28] [main/WARN]: Reference map 'supermartijn642configlib.mixins.refmap.json' for supermartijn642configlib.mixins.json could not be read. If this is a development environment you can ignore this message
[03:13:28] [main/WARN]: Reference map 'supermartijn642corelib.mixins.refmap.json' for supermartijn642corelib.mixins.json could not be read. If this is a development environment you can ignore this message
[03:13:28] [main/WARN]: Reference map 'TerraBlender-fabric-refmap.json' for terrablender.mixins.json could not be read. If this is a development environment you can ignore this message
[03:13:28] [main/WARN]: Reference map 'waystones.refmap.json' for waystones.mixins.json could not be read. If this is a development environment you can ignore this message
[03:13:28] [main/WARN]: Reference map 'waystones.refmap.json' for waystones.fabric.mixins.json could not be read. If this is a development environment you can ignore this message
[03:13:29] [main/WARN]: Error loading class: net/minecraft/class_757 (java.lang.ClassNotFoundException: net/minecraft/class_757)
[03:13:29] [main/WARN]: @Mixin target net.minecraft.class_757 was not found creativecore.fabric.mixins.json:GameRendererMixin from mod creativecore
[03:13:30] [main/WARN]: Error loading class: net/minecraft/class_938 (java.lang.ClassNotFoundException: net/minecraft/class_938)
[03:13:30] [main/WARN]: @Mixin target net.minecraft.class_938 was not found journeymap.mixins.json:client.SalmonRendererAccessor from mod journeymap
[03:13:30] [main/INFO]: Initializing MixinExtras via com.llamalad7.mixinextras.service.MixinExtrasServiceImpl(version=0.5.0).
[03:13:42] [main/INFO]: [STDOUT]: All 4 have been set properly
[03:13:42] [main/INFO]: [STDOUT]: animalgarden_meerkat: register everything...
[03:13:43] [main/INFO]: Initializing Cookies, Candy and Cakes (Fabric) ...
[03:13:43] [main/INFO]: Register Cookies, Candy and Cakes Constants ...
[03:13:43] [main/INFO]: Register Cookies, Candy and Cakes Configuration ...
[03:13:43] [main/INFO]: [Config] Updated configuration path to ./config/cookies_candy_and_cakes
[03:13:43] [main/INFO]: [Config] Registering common configuration ...
[03:13:43] [main/INFO]: [Config]  Cookie Configuration

 This configuration file allows you to customize cookie properties per type.

 General Settings:
 - nutrition: Food points restored (default: 2)
 - effectDuration: Duration of potion effects in ticks (default: 600 = 30 seconds, 20 ticks = 1 second)
 - effectChance: Chance for potion effects to apply (0.0-1.0, default: 1.0 = 100%)

 Special Cookie Effects (for MYSTIC and CURSED variants):
 - specialEffect.lightningChance: Chance for lightning effect (0.0-1.0, default: 0.5 = 50%)
 - specialEffect.enableSounds: Enable dramatic sound effects (default: true)
 - specialEffect.soundVolume: Volume of sound effects (MYSTIC default: 1.0, CURSED default: 4.0)
 - specialEffect.enableDarknessEffect: Enable darkness effect for CURSED cookies (default: true, disable for epilepsy/photosensitivity)
 - specialEffect.darknessEffectDuration: Duration of darkness effect in ticks for CURSED cookies (default: 60 = 3 seconds)
 - specialEffect.mysticSoundType: Sound type for MYSTIC cookies (levelup, enchant, amethyst, bell, none; default: levelup)
 - specialEffect.cursedSoundType: Sound type for CURSED cookies (ender_dragon, wither, ambient_cave, sculk, none; default: ender_dragon)

 Available Sound Types:
 - MYSTIC: levelup, enchant, amethyst, bell, none
 - CURSED: ender_dragon, wither, ambient_cave, sculk, none

 Accessibility Note:
 - Set specialEffect.enableDarknessEffect to false if you have epilepsy or are sensitive to screen flashing/darkening effects

 You can configure these values globally or per cookie type by prefixing with the cookie type ID.
 Example: apple_cookie_mystic.nutrition = 3

 is up to date: {cookie.sweetBerryCookie.effectDuration=600, cookie.pumpkinCookie.effectDuration=600, cookie.slimeSugarCookieCursed.effectChance=1.0, cookie.elderGuardianCookieMystic.nutrition=2, cookie.appleCookieCursed.effectDuration=600, cookie.elderGuardianCookieMystic.effectChance=1.0, cookie.elderGuardianCookieMystic.effectDuration=600, cookie.carrotCookieMystic.nutrition=2, cookie.glowBerryCookie.effectChance=1.0, cookie.melonCookie.effectDuration=600, cookie.sweetBerryCookie.effectChance=1.0, cookie.melonCookieCursed.effectChance=1.0, cookie.glowBerryCookieCursed.nutrition=2, cookie.slimeSugarCookieCursed.nutrition=2, cookie.pumpkinCookieCursed.nutrition=2, specialEffect.enableSounds=true, cookie.appleCookie.effectDuration=600, specialEffect.enableDarknessEffect=true, cookie.carrotCookie.nutrition=2, cookie.pumpkinCookieCursed.effectChance=1.0, specialEffect.lightningChance=0.5, cookie.creeperCrunchCookieMystic.effectDuration=600, specialEffect.cursedSoundType=ender_dragon, cookie.glowBerryCookie.effectDuration=600, cookie.appleCookie.effectChance=1.0, cookie.creeperCrunchCookie.nutrition=2, cookie.carrotCookie.effectDuration=600, cookie.melonCookie.nutrition=2, cookie.sweetBerryCookieMystic.nutrition=2, cookie.slimeSugarCookieCursed.effectDuration=600, cookie.pumpkinCookieCursed.effectDuration=600, cookie.pumpkinCookieMystic.effectDuration=600, cookie.sweetBerryCookieMystic.effectChance=1.0, cookie.appleCookieMystic.nutrition=2, cookie.carrotCookie.effectChance=1.0, cookie.elderGuardianCookieCursed.effectChance=1.0, cookie.glowBerryCookieCursed.effectChance=1.0, nutrition=2, cookie.melonCookieCursed.nutrition=2, cookie.sweetBerryCookieCursed.effectChance=1.0, cookie.appleCookieCursed.nutrition=2, cookie.melonCookie.effectChance=1.0, cookie.slimeSugarCookie.effectChance=1.0, cookie.sweetBerryCookieCursed.nutrition=2, cookie.melonCookieMystic.nutrition=2, cookie.pumpkinCookie.effectChance=1.0, effectChance=1.0, cookie.slimeSugarCookieMystic.nutrition=2, cookie.creeperCrunchCookie.effectChance=1.0, cookie.elderGuardianCookie.effectDuration=600, cookie.appleCookieCursed.effectChance=1.0, cookie.glowBerryCookieMystic.nutrition=2, cookie.carrotCookieCursed.nutrition=2, cookie.creeperCrunchCookieCursed.effectChance=1.0, cookie.elderGuardianCookie.nutrition=2, cookie.elderGuardianCookieCursed.effectDuration=600, cookie.slimeSugarCookie.nutrition=2, cookie.sweetBerryCookie.nutrition=2, cookie.melonCookieCursed.effectDuration=600, specialEffect.mysticSoundType=levelup, specialEffect.darknessEffectDuration=60, cookie.appleCookie.nutrition=2, cookie.glowBerryCookieMystic.effectChance=1.0, cookie.appleCookieMystic.effectDuration=600, cookie.glowBerryCookie.nutrition=2, cookie.creeperCrunchCookieMystic.effectChance=1.0, cookie.slimeSugarCookieMystic.effectDuration=600, specialEffect.mysticSoundVolume=1.0, cookie.sweetBerryCookieCursed.effectDuration=600, cookie.elderGuardianCookieCursed.nutrition=2, cookie.appleCookieMystic.effectChance=1.0, cookie.carrotCookieMystic.effectDuration=600, cookie.pumpkinCookieMystic.nutrition=2, specialEffect.cursedSoundVolume=4.0, cookie.glowBerryCookieCursed.effectDuration=600, cookie.melonCookieMystic.effectChance=1.0, cookie.carrotCookieCursed.effectDuration=600, cookie.pumpkinCookieMystic.effectChance=1.0, cookie.slimeSugarCookieMystic.effectChance=1.0, cookie.carrotCookieMystic.effectChance=1.0, cookie.carrotCookieCursed.effectChance=1.0, cookie.creeperCrunchCookieMystic.nutrition=2, cookie.melonCookieMystic.effectDuration=600, cookie.pumpkinCookie.nutrition=2, cookie.creeperCrunchCookie.effectDuration=600, cookie.sweetBerryCookieMystic.effectDuration=600, cookie.creeperCrunchCookieCursed.nutrition=2, cookie.glowBerryCookieMystic.effectDuration=600, cookie.creeperCrunchCookieCursed.effectDuration=600, cookie.elderGuardianCookie.effectChance=1.0, effectDuration=600, cookie.slimeSugarCookie.effectDuration=600}
[03:13:43] [main/INFO]: [Config]  Candy Configuration

 This configuration file allows you to customize candy properties per type.

 General Settings:
 - nutrition: Food points restored (default: 2)
 - effectDuration: Duration of potion effects in ticks (default: 200 = 10 seconds, 20 ticks = 1 second)
 - effectChance: Chance for potion effects to apply (0.0-1.0, default: 1.0 = 100%)

 Special Candy Effects (for MYSTIC and CURSED variants):
 - specialEffect.lightningChance: Chance for lightning effect (0.0-1.0, default: 0.5 = 50%)
 - specialEffect.enableSounds: Enable dramatic sound effects (default: true)
 - specialEffect.soundVolume: Volume of sound effects (MYSTIC default: 1.0, CURSED default: 4.0)
 - specialEffect.enableDarknessEffect: Enable darkness effect for CURSED candies (default: true, disable for epilepsy/photosensitivity)
 - specialEffect.darknessEffectDuration: Duration of darkness effect in ticks for CURSED candies (default: 60 = 3 seconds)
 - specialEffect.mysticSoundType: Sound type for MYSTIC candies (levelup, enchant, amethyst, bell, none; default: levelup)
 - specialEffect.cursedSoundType: Sound type for CURSED candies (ender_dragon, wither, ambient_cave, sculk, none; default: ender_dragon)

 Available Sound Types:
 - MYSTIC: levelup, enchant, amethyst, bell, none
 - CURSED: ender_dragon, wither, ambient_cave, sculk, none

 Accessibility Note:
 - Set specialEffect.enableDarknessEffect to false if you have epilepsy or are sensitive to screen flashing/darkening effects

 You can configure these values globally or per candy type by prefixing with the candy type ID.
 Example: apple_candy_mystic.nutrition = 3

 is up to date: {candy.appleCandyMystic.effectDuration=200, candy.pumpkinCandyMystic.effectDuration=200, candy.chorusCandyCursed.effectChance=1.0, candy.pumpkinCandy.effectDuration=200, candy.glowBerryCandyCursed.nutrition=2, candy.testCandyMystic.effectChance=1.0, candy.chorusCandy.nutrition=2, candy.chorusCandyCursed.nutrition=2, candy.glowBerryCandyMystic.effectDuration=200, candy.chorusCandy.effectChance=1.0, candy.sweetBerryCandyCursed.nutrition=2, candy.testCandyCursed.effectDuration=200, specialEffect.enableSounds=true, candy.appleCandyMystic.effectChance=1.0, specialEffect.enableDarknessEffect=true, candy.melonCandyMystic.effectDuration=200, candy.chocolateCandy.nutrition=2, candy.chorusCandyMystic.effectChance=1.0, specialEffect.lightningChance=0.5, candy.appleCandyCursed.nutrition=2, candy.appleCandyCursed.effectChance=1.0, specialEffect.cursedSoundType=ender_dragon, candy.testCandy.effectDuration=200, candy.sweetBerryCandyMystic.nutrition=2, candy.chorusCandy.effectDuration=200, candy.testCandy.nutrition=2, candy.chorusCandyCursed.effectDuration=200, candy.goldenCandyMystic.nutrition=2, candy.chocolateCandyMystic.effectDuration=200, nutrition=2, candy.goldenCandyMystic.effectDuration=200, candy.melonCandyCursed.effectDuration=200, candy.glowBerryCandyMystic.effectChance=1.0, candy.melonCandy.nutrition=2, candy.melonCandyCursed.effectChance=1.0, candy.sweetBerryCandyMystic.effectDuration=200, candy.melonCandy.effectChance=1.0, candy.goldenCandyCursed.nutrition=2, candy.melonCandyMystic.effectChance=1.0, effectChance=1.0, candy.glowBerryCandyMystic.nutrition=2, candy.glowBerryCandy.nutrition=2, candy.appleCandyCursed.effectDuration=200, candy.sweetBerryCandyCursed.effectDuration=200, candy.glowBerryCandyCursed.effectDuration=200, candy.sweetBerryCandyMystic.effectChance=1.0, candy.glowBerryCandy.effectDuration=200, candy.glowBerryCandyCursed.effectChance=1.0, candy.pumpkinCandyCursed.effectDuration=200, specialEffect.mysticSoundType=levelup, candy.glowBerryCandy.effectChance=1.0, candy.chocolateCandyCursed.effectChance=1.0, specialEffect.darknessEffectDuration=60, candy.pumpkinCandy.nutrition=2, candy.appleCandy.effectDuration=200, specialEffect.mysticSoundVolume=1.0, candy.goldenCandy.effectChance=1.0, candy.pumpkinCandyMystic.effectChance=1.0, candy.goldenCandyCursed.effectDuration=200, candy.appleCandyMystic.nutrition=2, candy.melonCandy.effectDuration=200, candy.sweetBerryCandy.nutrition=2, candy.goldenCandy.nutrition=2, candy.testCandyMystic.nutrition=2, candy.goldenCandy.effectDuration=200, candy.pumpkinCandyCursed.nutrition=2, candy.chocolateCandyCursed.effectDuration=200, candy.chorusCandyMystic.nutrition=2, candy.testCandy.effectChance=1.0, candy.sweetBerryCandyCursed.effectChance=1.0, specialEffect.cursedSoundVolume=4.0, candy.chocolateCandy.effectDuration=200, candy.pumpkinCandyCursed.effectChance=1.0, candy.melonCandyMystic.nutrition=2, candy.chocolateCandyMystic.effectChance=1.0, candy.goldenCandyCursed.effectChance=1.0, candy.testCandyCursed.nutrition=2, candy.testCandyCursed.effectChance=1.0, candy.sweetBerryCandy.effectDuration=200, candy.appleCandy.nutrition=2, candy.chocolateCandy.effectChance=1.0, candy.pumpkinCandyMystic.nutrition=2, candy.chorusCandyMystic.effectDuration=200, candy.appleCandy.effectChance=1.0, candy.chocolateCandyCursed.nutrition=2, candy.sweetBerryCandy.effectChance=1.0, candy.testCandyMystic.effectDuration=200, candy.goldenCandyMystic.effectChance=1.0, effectDuration=200, candy.melonCandyCursed.nutrition=2, candy.pumpkinCandy.effectChance=1.0, candy.chocolateCandyMystic.nutrition=2}
[03:13:43] [main/INFO]: [Config]  Mini Cake Configuration

 This configuration file allows you to customize mini cake properties per type.

 General Settings:
 - nutrition: Food points restored (default: 3)

 You can configure these values globally or per mini cake type by prefixing with the mini cake type ID.
 Example: mini_apple_cake.nutrition = 4

 is up to date: {nutrition=3, miniCake.miniMelonCake.nutrition=3, miniCake.miniGlowBerryCake.nutrition=3, miniCake.miniAppleCake.nutrition=3, miniCake.miniSweetBerryCake.nutrition=3, miniCake.miniCarrotCake.nutrition=3, miniCake.miniPumpkinCake.nutrition=3, miniCake.miniBeetrootCake.nutrition=3, miniCake.miniMushroomCake.nutrition=3, miniCake.miniChocolateCake.nutrition=3}
[03:13:43] [main/INFO]: [Config]  Monster Loot Configuration

 This configuration file allows you to define drop chances for special cookies and candies from monsters.
 Drop chances are in percentage (0-100). Set to 0 to disable drops for that item.
 The global drop chance determines if ANY special item will drop (25% default).

 Cookie Drops: Special MYSTIC and CURSED cookie variants
 Candy Drops: Special MYSTIC and CURSED candy variants

 Drop weights determine the relative probability of each item dropping.
 Higher weight = more likely to drop. Set to 0 to disable that specific item.

 is up to date: {cookie.creeperCrunchCookieMystic.dropWeight=1, cookie.slimeSugarCookieCursed.dropWeight=1, candy.sweetBerryCandyCursed.dropWeight=1, candy.pumpkinCandyMystic.dropWeight=1, cookie.appleCookieMystic.dropWeight=1, cookie.melonCookieMystic.dropWeight=1, candy.melonCandyCursed.dropWeight=1, candy.testCandyMystic.dropWeight=1, cookie.appleCookieCursed.dropWeight=1, cookie.creeperCrunchCookieCursed.dropWeight=1, candy.melonCandyMystic.dropWeight=1, cookie.pumpkinCookieMystic.dropWeight=1, candy.goldenCandyCursed.dropWeight=1, candy.sweetBerryCandyMystic.dropWeight=1, cookie.slimeSugarCookieMystic.dropWeight=1, candy.goldenCandyMystic.dropWeight=1, candy.glowBerryCandyCursed.dropWeight=1, cookie.pumpkinCookieCursed.dropWeight=1, cookie.elderGuardianCookieCursed.dropWeight=1, candy.appleCandyCursed.dropWeight=1, candy.chorusCandyCursed.dropWeight=1, candy.chocolateCandyCursed.dropWeight=1, candy.chocolateCandyMystic.dropWeight=1, candy.glowBerryCandyMystic.dropWeight=1, cookie.sweetBerryCookieCursed.dropWeight=1, candy.testCandyCursed.dropWeight=1, candy.chorusCandyMystic.dropWeight=1, candy.pumpkinCandyCursed.dropWeight=1, candy.appleCandyMystic.dropWeight=1, cookie.carrotCookieCursed.dropWeight=1, globalDropChance=25, cookie.carrotCookieMystic.dropWeight=1, cookie.glowBerryCookieCursed.dropWeight=1, cookie.sweetBerryCookieMystic.dropWeight=1, cookie.glowBerryCookieMystic.dropWeight=1, cookie.elderGuardianCookieMystic.dropWeight=1, cookie.melonCookieCursed.dropWeight=1}
[03:13:43] [main/INFO]: [Config] Registering server configuration ...
[03:13:43] [main/INFO]: Register Cookies, Candy and Cakes Menu Manager ...
[03:13:43] [main/INFO]: MenuOpener initialized: FabricMenuOpener
[03:13:43] [main/INFO]: Register Cookies, Candy and Cakes Blocks ...
[03:13:43] [main/INFO]: Register Cookies, Candy and Cakes Block Entities ...
[03:13:43] [main/INFO]: Register Cookies, Candy and Cakes Entity Types ...
[03:13:43] [main/INFO]: Register Cookies, Candy and Cakes Block Items ...
[03:13:43] [main/INFO]: Register Cookies, Candy and Cakes Items ...
[03:13:43] [main/INFO]: Register Cookies, Candy and Cakes Menus ...
[03:13:43] [main/INFO]: Register Cookies, Candy and Cakes Events ...
[03:13:44] [main/INFO]: Reflections took 488 ms to scan 2 urls, producing 8 keys and 123 values
[03:13:45] [main/INFO]: Registered synced data key refurbished_furniture:lock_yaw for refurbished_furniture:seat
[03:13:46] [main/INFO]: Registering Item Groups for furniture_mod_tools_refurbished
[03:13:47] [main/INFO]: Initializing ServerSide Packet Registries
[03:13:47] [main/INFO]: [STDOUT]: All 19 have been set properly
[03:13:47] [main/INFO]: [STDOUT]: Just Sit Mod is running
[03:13:51] [main/INFO]: MoreTools loaded!
[03:13:51] [main/INFO]: Thank you for using Nemo's Woodcutter!
[03:13:51] [main/INFO]: Registering creative mode tabs
[03:13:51] [main/INFO]: Registering recipe serializer
[03:13:51] [main/INFO]: Register recipe types
[03:13:51] [main/INFO]: Registering recipe book categories
[03:13:51] [main/INFO]: Registering recipe displays
[03:13:51] [main/INFO]: Registering menu types
[03:13:51] [main/INFO]: Registered region minecraft:overworld to index 0 for type OVERWORLD
[03:13:51] [main/INFO]: Registered region minecraft:nether to index 0 for type NETHER
[03:13:51] [main/INFO]: Registered region biomesoplenty:overworld_primary to index 1 for type OVERWORLD
[03:13:51] [main/INFO]: Registered region biomesoplenty:overworld_secondary to index 2 for type OVERWORLD
[03:13:51] [main/INFO]: Registered region biomesoplenty:overworld_rare to index 3 for type OVERWORLD
[03:13:51] [main/INFO]: Registered region biomesoplenty:nether_common to index 1 for type NETHER
[03:13:51] [main/INFO]: Registered region biomesoplenty:nether_rare to index 2 for type NETHER
[03:13:53] [main/INFO]: Registered the FluidEffect with Unique ID of minecraft:water for Water (Fluid Amount Required: 81000) with the ID 0
[03:13:53] [main/INFO]: Registered the FluidEffect with Unique ID of minecraft:lava for Lava (Fluid Amount Required: 81000) with the ID 1
[03:13:53] [main/INFO]: Registered the FluidEffect with Unique ID of travelersbackpack:potion for block.travelersbackpack.potion_still (Fluid Amount Required: 27000) with the ID 2
[03:13:53] [main/INFO]: Registered the FluidEffect with Unique ID of minecraft:milk for Air (Fluid Amount Required: 81000) with the ID 3
[03:13:58] [main/INFO]: Environment: Environment[sessionHost=https://sessionserver.mojang.com, servicesHost=https://api.minecraftservices.com, profilesHost=https://api.mojang.com, name=PROD]
[03:13:58] [main/INFO]: 1 chiseling plugins were registered: [rechiseled:datapacks]
[03:14:04] [main/INFO]: Loaded 7571 recipes
[03:14:04] [main/INFO]: Loaded 4672 advancements
[03:14:05] [main/INFO]: Loaded 45 chiseling recipes
[03:14:05] [main/INFO]: Initialized TerraBlender biomes for level stem minecraft:the_nether
[03:14:06] [main/INFO]: Initialized TerraBlender biomes for level stem minecraft:overworld
[03:14:06] [main/INFO]: Applied 92 biome modifications to 76 of 134 new biomes in 21.13 ms
[03:14:06] [Server thread/INFO]: Loading server configs...
[03:14:06] [Server thread/INFO]: Starting minecraft server version 1.21.11
[03:14:06] [Server thread/INFO]: Loading properties
[03:14:06] [Server thread/INFO]: Default game type: SURVIVAL
[03:14:06] [Server thread/INFO]: Generating keypair
[03:14:06] [Server thread/INFO]: Starting Minecraft server on *:25565
[03:14:06] [Server thread/WARN]: **** SERVER IS RUNNING IN OFFLINE/INSECURE MODE!
[03:14:06] [Server thread/WARN]: The server will make no attempt to authenticate usernames. Beware.
[03:14:06] [Server thread/WARN]: While this makes the game possible to play without internet access, it also opens up the ability for hackers to connect with any username they choose.
[03:14:06] [Server thread/WARN]: To change this, set "online-mode" to "true" in the server.properties file.
[03:14:06] [Server thread/INFO]: Preparing level "world"
[03:14:07] [Server thread/INFO]: Loading 0 persistent chunks...
[03:14:07] [Server thread/INFO]: Preparing spawn area: 100%
[03:14:07] [Server thread/INFO]: Time elapsed: 14 ms
[03:14:07] [Server thread/INFO]: Done (0.798s)! For help, type "help"
[03:14:07] [Server thread/INFO]: Loaded null for service interface journeymap.api.services.WebMapService
[03:14:07] [Server thread/INFO]: Loaded journeymap.common.helpers.FabricClientHooks@1c82dea3 for service interface journeymap.api.services.ClientPlatformService
[03:14:07] [Server thread/INFO]: Loaded journeymap.common.helpers.FabricHooks@2cf6536e for service interface journeymap.api.services.CommonPlatformService
[03:14:46] [Server thread/INFO]: Surffish[/127.240.190.153:59809] logged in with entity id 30 at (4612.340244828495, 103.0, -453.57244024365286)
[03:14:46] [Server thread/INFO]: Loading config from file...
[03:14:47] [Server thread/INFO]: Surffish joined the game
[03:14:48] [Server thread/INFO]: Enabling client-side enhancements for player: Surffish
[03:14:49] [Server thread/WARN]: Can't keep up! Is the server overloaded? Running 2075ms or 41 ticks behind
[03:17:52] [Server thread/INFO]: swtnerrrr[/127.117.109.160:41765] logged in with entity id 980 at (4489.671497382837, 115.0, -413.3907346154664)
[03:17:52] [Server thread/INFO]: Loading config from file...
[03:17:52] [Server thread/INFO]: swtnerrrr joined the game
[03:17:53] [Server thread/INFO]: Enabling client-side enhancements for player: swtnerrrr
[03:18:21] [Server thread/INFO]: Surffish has reached the goal [Your first drink]
[03:18:45] [Server thread/INFO]: lauraaaspq[/127.117.109.160:48193] logged in with entity id 1071 at (4527.877385113601, 109.98743797916583, -443.2915589811074)
[03:18:46] [Server thread/INFO]: Loading config from file...
[03:18:46] [Server thread/INFO]: lauraaaspq joined the game
[03:18:48] [Server thread/INFO]: Enabling client-side enhancements for player: lauraaaspq
[03:19:03] [Server thread/INFO]: [lauraaaspq: Set the time to 1000]
[03:29:29] [Server thread/INFO]: [lauraaaspq: Set the time to 1000]
[03:35:02] [Server thread/INFO]: [lauraaaspq: Set the weather to clear]
[03:39:29] [Server thread/INFO]: [lauraaaspq: Set the time to 1000]
[03:45:04] [Server thread/WARN]: Can't keep up! Is the server overloaded? Running 2013ms or 40 ticks behind
[03:46:54] [Server thread/INFO]: Locating element biomesoplenty:mystic_grove took 1741 ms
[03:47:00] [Server thread/INFO]: [Surffish: Teleported Surffish to 2073.500000, 120.000000, -176.500000]
[03:47:02] [Server thread/WARN]: Surffish moved too quickly! 0.0,-10.806526110008988,0.0
[03:47:02] [Server thread/WARN]: Can't keep up! Is the server overloaded? Running 2043ms or 40 ticks behind
[03:47:12] [Server thread/WARN]: Surffish moved too quickly! 0.0,-10.806526110008988,0.0
[03:47:20] [Server thread/WARN]: Can't keep up! Is the server overloaded? Running 3003ms or 60 ticks behind
[03:47:45] [Server thread/INFO]: swtnerrrr lost connection: Disconnected
[03:47:45] [Server thread/INFO]: swtnerrrr left the game
[03:48:14] [Server thread/INFO]: Surffish lost connection: Disconnected
[03:48:14] [Server thread/INFO]: Surffish left the game
[03:49:54] [Server thread/INFO]: [lauraaaspq: Set the time to 1000]
[04:00:28] [Server thread/INFO]: lauraaaspq lost connection: Disconnected
[04:00:28] [Server thread/INFO]: lauraaaspq left the game
[04:01:28] [Server thread/INFO]: Server empty for 60 seconds, pausing
